2023-11-07 22:39:30,680 - INFO - Player O made a move at row 1, column 1.
2023-11-07 22:39:30,680 - INFO - Player X made a move at row 2, column 0.
2023-11-07 22:39:32,631 - INFO - Player O made a move at row 1, column 0.
2023-11-07 22:39:32,632 - INFO - Player X made a move at row 1, column 2.
2023-11-07 22:39:35,998 - INFO - Player O made a move at row 0, column 1.
2023-11-07 22:39:35,998 - INFO - Player X made a move at row 2, column 2.
2023-11-07 22:39:37,954 - INFO - Player O made a move at row 2, column 1.
2023-11-07 22:39:37,955 - INFO - Player X won the game!
2023-11-07 23:03:32,548 - INFO - Player X made a move at row 1, column 1.
2023-11-07 23:03:32,550 - INFO - Player O made a move at row 0, column 1.
2023-11-07 23:03:34,507 - INFO - Player X made a move at row 2, column 2.
2023-11-07 23:03:34,508 - INFO - Player O made a move at row 0, column 0.
2023-11-07 23:03:37,845 - INFO - Player X made a move at row 1, column 2.
2023-11-07 23:03:37,846 - INFO - Player O made a move at row 2, column 0.
2023-11-07 23:03:41,657 - INFO - Player X made a move at row 1, column 0.
2023-11-07 23:03:41,658 - INFO - Player X won the game!
2023-11-07 23:04:09,911 - INFO - Player X made a move at row 1, column 1.
2023-11-07 23:04:11,272 - INFO - Player O made a move at row 0, column 0.
2023-11-07 23:04:13,242 - INFO - Player X made a move at row 0, column 1.
2023-11-07 23:04:15,088 - INFO - Player O made a move at row 2, column 2.
2023-11-07 23:04:17,207 - INFO - Player X made a move at row 2, column 1.
2023-11-07 23:04:17,208 - INFO - Player X won the game!
2023-11-07 23:07:00,715 - INFO - Player X made a move at row 2, column 2.
2023-11-07 23:07:00,715 - INFO - Player O made a move at row 0, column 0.
2023-11-07 23:07:04,610 - INFO - Player X made a move at row 1, column 2.
2023-11-07 23:07:04,610 - INFO - Player O made a move at row 2, column 1.
2023-11-07 23:07:08,611 - INFO - Player X made a move at row 0, column 2.
2023-11-07 23:07:08,611 - INFO - Player X won the game!
2023-11-15 21:26:21,557 - INFO - Player X made a move at row 1, column 0.
2023-11-15 21:26:21,559 - INFO - Player O made a move at row 1, column 1.
2023-11-20 21:06:47,132 - INFO - Player X made a move at row 0, column 0.
2023-11-20 21:06:47,132 - INFO - Player O made a move at row 0, column 2.
2023-11-20 21:44:36,006 - INFO - Player X made a move at row 0, column 1.
2023-11-20 21:44:36,008 - INFO - Player O made a move at row 1, column 2.
2023-11-20 21:44:40,213 - INFO - Player X made a move at row 1, column 1.
2023-11-20 21:44:40,213 - INFO - Player O made a move at row 1, column 0.
2023-11-20 21:44:43,703 - INFO - Player X made a move at row 2, column 1.
2023-11-20 21:44:43,704 - INFO - Player X won the game!
2023-11-22 14:52:29,349 - INFO - Player X made a move at row 0, column 0.
2023-11-22 14:52:29,350 - INFO - Player O made a move at row 0, column 2.
2023-11-22 14:52:35,637 - INFO - Player X made a move at row 0, column 1.
2023-11-22 14:52:35,638 - INFO - Player O made a move at row 2, column 1.
2023-11-22 14:52:38,908 - INFO - Player X made a move at row 1, column 0.
2023-11-22 14:52:38,909 - INFO - Player O made a move at row 2, column 2.
2023-11-22 14:52:51,916 - INFO - Player X made a move at row 2, column 0.
2023-11-22 14:53:51,593 - INFO - Player X made a move at row 1, column 1.
2023-11-22 14:53:51,594 - INFO - Player O made a move at row 1, column 2.
2023-11-22 14:53:55,196 - INFO - Player X made a move at row 0, column 1.
2023-11-22 14:53:55,197 - INFO - Player O made a move at row 2, column 1.
2023-11-22 14:53:59,501 - INFO - Player X made a move at row 0, column 2.
2023-11-22 14:53:59,513 - INFO - Player O made a move at row 1, column 0.
2023-11-22 14:54:06,285 - INFO - Player X made a move at row 2, column 0.
2023-11-22 14:55:06,718 - INFO - Player X made a move at row 0, column 0.
2023-11-22 14:55:06,719 - INFO - Player O made a move at row 1, column 2.
2023-11-22 14:55:09,344 - INFO - Player X made a move at row 0, column 1.
2023-11-22 14:55:09,344 - INFO - Player O made a move at row 0, column 2.
2023-11-22 14:55:11,660 - INFO - Player X made a move at row 1, column 0.
2023-11-22 14:55:11,660 - INFO - Player O made a move at row 2, column 0.
2023-11-22 14:55:14,110 - INFO - Player X made a move at row 1, column 1.
2023-11-22 14:55:14,111 - INFO - Player O made a move at row 2, column 2.
2023-11-22 14:55:14,113 - INFO - Player O won the game!
2023-11-22 14:56:43,453 - INFO - Player X made a move at row 1, column 1.
2023-11-22 14:56:43,455 - INFO - Player O made a move at row 1, column 2.
2023-11-22 14:56:45,269 - INFO - Player X made a move at row 0, column 0.
2023-11-22 14:56:45,269 - INFO - Player O made a move at row 2, column 1.
2023-11-22 14:56:46,727 - INFO - Player X made a move at row 2, column 2.
2023-11-22 14:56:46,729 - INFO - Player X won the game!
2023-11-22 14:57:19,769 - INFO - Player X made a move at row 0, column 0.
2023-11-22 14:57:19,770 - INFO - Player O made a move at row 1, column 0.
2023-11-22 14:57:21,255 - INFO - Player X made a move at row 1, column 1.
2023-11-22 14:57:21,256 - INFO - Player O made a move at row 0, column 2.
2023-11-22 14:57:22,421 - INFO - Player X made a move at row 2, column 2.
2023-11-22 14:57:22,421 - INFO - Player X won the game!
2023-11-22 14:57:39,851 - INFO - Player X made a move at row 1, column 1.
2023-11-22 14:57:39,852 - INFO - Player O made a move at row 2, column 2.
2023-11-22 14:57:42,989 - INFO - Player X made a move at row 2, column 1.
2023-11-22 14:57:42,990 - INFO - Player O made a move at row 0, column 2.
2023-11-22 14:57:45,497 - INFO - Player X made a move at row 0, column 1.
2023-11-22 14:57:45,499 - INFO - Player X won the game!
2023-11-22 14:57:52,848 - INFO - Player X made a move at row 1, column 0.
2023-11-22 14:57:52,848 - INFO - Player O made a move at row 2, column 1.
2023-11-22 14:57:58,431 - INFO - Player X made a move at row 1, column 1.
2023-11-22 14:57:58,432 - INFO - Player O made a move at row 1, column 2.
2023-11-22 14:58:01,009 - INFO - Player X made a move at row 2, column 2.
2023-11-22 14:58:01,010 - INFO - Player O made a move at row 0, column 2.
2023-11-22 14:58:03,009 - INFO - Player X made a move at row 0, column 0.
2023-11-22 14:58:03,012 - INFO - Player X won the game!
2023-11-22 14:58:18,480 - INFO - Player X made a move at row 2, column 2.
2023-11-22 14:58:18,481 - INFO - Player O made a move at row 0, column 1.
2023-11-22 14:58:20,267 - INFO - Player X made a move at row 1, column 1.
2023-11-22 14:58:20,267 - INFO - Player O made a move at row 1, column 2.
2023-11-22 14:58:21,899 - INFO - Player X made a move at row 0, column 0.
2023-11-22 14:58:21,901 - INFO - Player X won the game!
2023-11-22 14:58:30,779 - INFO - Player X made a move at row 1, column 1.
2023-11-22 14:58:32,594 - INFO - Player O made a move at row 0, column 0.
2023-11-22 14:58:34,759 - INFO - Player X made a move at row 0, column 1.
2023-11-22 14:58:36,513 - INFO - Player O made a move at row 2, column 2.
2023-11-22 14:58:39,197 - INFO - Player X made a move at row 2, column 1.
2023-11-22 14:58:39,200 - INFO - Player X won the game!
2023-11-22 14:59:38,294 - INFO - Player X made a move at row 1, column 1.
2023-11-22 14:59:40,244 - INFO - Player O made a move at row 0, column 0.
2023-11-22 14:59:43,889 - INFO - Player X made a move at row 1, column 2.
2023-11-22 14:59:48,269 - INFO - Player O made a move at row 1, column 0.
2023-11-22 14:59:52,129 - INFO - Player X made a move at row 2, column 2.
2023-11-22 14:59:55,696 - INFO - Player O made a move at row 2, column 0.
2023-11-22 14:59:55,699 - INFO - Player O won the game!
2023-11-22 15:00:03,569 - INFO - Player X made a move at row 1, column 1.
2023-11-22 15:00:03,570 - INFO - Player O made a move at row 1, column 2.
2023-11-22 15:00:05,565 - INFO - Player X made a move at row 2, column 2.
2023-11-22 15:00:05,565 - INFO - Player O made a move at row 0, column 2.
2023-11-22 15:00:19,912 - INFO - Player X made a move at row 1, column 1.
2023-11-22 15:00:19,912 - INFO - Player O made a move at row 2, column 1.
2023-11-22 15:00:30,080 - INFO - Player X made a move at row 1, column 1.
2023-11-22 15:00:30,080 - INFO - Player O made a move at row 0, column 1.
2023-11-22 15:00:32,174 - INFO - Player X made a move at row 1, column 0.
2023-11-22 15:00:32,175 - INFO - Player O made a move at row 0, column 0.
2023-11-22 15:00:36,400 - INFO - Player X made a move at row 2, column 1.
2023-11-22 15:00:36,401 - INFO - Player O made a move at row 2, column 0.
2023-11-22 15:00:43,834 - INFO - Player X made a move at row 0, column 2.
2023-11-22 15:00:43,835 - INFO - Player O made a move at row 1, column 2.
2023-11-22 15:00:49,435 - INFO - Player X made a move at row 2, column 2.
2023-11-22 15:00:49,435 - INFO - The game ended in a draw.
2023-11-22 15:04:29,817 - INFO - Player X made a move at row 0, column 0.
2023-11-22 15:04:29,818 - INFO - Player O made a move at row 1, column 0.
2023-11-22 15:04:31,216 - INFO - Player X made a move at row 1, column 1.
2023-11-22 15:04:31,217 - INFO - Player O made a move at row 2, column 2.
2023-11-22 15:04:33,777 - INFO - Player X made a move at row 0, column 1.
2023-11-22 15:04:33,778 - INFO - Player O made a move at row 0, column 2.
2023-11-22 15:04:39,281 - INFO - Player X made a move at row 2, column 0.
2023-11-22 15:04:39,282 - INFO - Player O made a move at row 2, column 1.
2023-11-22 15:04:42,553 - INFO - Player X made a move at row 1, column 2.
2023-11-22 15:04:42,554 - INFO - The game ended in a draw.
2023-11-22 15:10:34,666 - INFO - Player X made a move at row 1, column 1.
2023-11-22 15:10:34,667 - INFO - Player O made a move at row 0, column 2.
2023-11-22 15:10:37,036 - INFO - Player X made a move at row 1, column 2.
2023-11-22 15:10:37,037 - INFO - Player O made a move at row 0, column 0.
2023-11-22 15:10:40,999 - INFO - Player X made a move at row 0, column 1.
2023-11-22 15:10:41,001 - INFO - Player O made a move at row 2, column 2.
2023-11-22 15:10:46,956 - INFO - Player X made a move at row 1, column 0.
2023-11-22 15:10:46,958 - INFO - Player X won the game!
2023-11-22 15:10:53,477 - INFO - Player X made a move at row 1, column 1.
2023-11-22 15:10:55,026 - INFO - Player O made a move at row 2, column 2.
2023-11-22 15:10:57,558 - INFO - Player X made a move at row 0, column 0.
2023-11-22 15:10:59,546 - INFO - Player O made a move at row 1, column 2.
2023-11-22 15:11:01,982 - INFO - Player X made a move at row 2, column 1.
2023-11-22 15:11:04,216 - INFO - Player O made a move at row 0, column 2.
2023-11-22 15:11:04,218 - INFO - Player O won the game!
2023-11-22 15:12:51,146 - INFO - Player X made a move at row 2, column 2.
2023-11-22 15:12:51,148 - INFO - Player O made a move at row 1, column 1.
2023-11-22 15:12:55,238 - INFO - Player X made a move at row 1, column 2.
2023-11-22 15:12:55,238 - INFO - Player O made a move at row 0, column 0.
2023-11-22 15:12:58,566 - INFO - Player X made a move at row 0, column 1.
2023-11-22 15:12:58,567 - INFO - Player O made a move at row 2, column 1.
2023-11-22 15:13:03,409 - INFO - Player X made a move at row 0, column 2.
2023-11-22 15:13:03,411 - INFO - Player X won the game!
2023-11-22 15:13:11,234 - INFO - Player X made a move at row 0, column 0.
2023-11-22 15:13:11,235 - INFO - Player O made a move at row 2, column 0.
2023-11-22 15:13:13,907 - INFO - Player X made a move at row 0, column 1.
2023-11-22 15:13:13,908 - INFO - Player O made a move at row 1, column 1.
2023-11-22 15:13:16,481 - INFO - Player X made a move at row 1, column 0.
2023-11-22 15:13:16,482 - INFO - Player O made a move at row 1, column 2.
2023-11-22 15:13:22,782 - INFO - Player X made a move at row 2, column 1.
2023-11-22 15:13:22,783 - INFO - Player O made a move at row 0, column 2.
2023-11-22 15:13:22,786 - INFO - Player O won the game!
2023-11-22 15:13:40,965 - INFO - Player X made a move at row 1, column 1.
2023-11-22 15:13:40,967 - INFO - Player O made a move at row 2, column 1.
2023-11-22 15:13:43,248 - INFO - Player X made a move at row 0, column 0.
2023-11-22 15:13:43,248 - INFO - Player O made a move at row 2, column 2.
2023-11-22 15:13:46,054 - INFO - Player X made a move at row 0, column 2.
2023-11-22 15:13:46,054 - INFO - Player O made a move at row 1, column 0.
2023-11-22 15:13:55,059 - INFO - Player X made a move at row 2, column 0.
2023-11-22 15:13:55,062 - INFO - Player X won the game!
2023-11-22 15:14:11,277 - INFO - Player X made a move at row 2, column 2.
2023-11-22 15:14:11,278 - INFO - Player O made a move at row 1, column 0.
2023-11-22 15:14:14,035 - INFO - Player X made a move at row 1, column 2.
2023-11-22 15:14:14,036 - INFO - Player O made a move at row 1, column 1.
2023-11-22 15:14:19,448 - INFO - Player X made a move at row 0, column 0.
2023-11-22 15:14:19,448 - INFO - Player O made a move at row 2, column 0.
2023-11-22 15:14:22,134 - INFO - Player X made a move at row 2, column 1.
2023-11-22 15:14:22,136 - INFO - Player O made a move at row 0, column 1.
2023-11-22 15:14:26,050 - INFO - Player X made a move at row 0, column 2.
2023-11-22 15:14:26,053 - INFO - Player X won the game!
2023-11-22 15:14:32,384 - INFO - Player X made a move at row 1, column 1.
2023-11-22 15:14:42,535 - INFO - Player X made a move at row 2, column 2.
2023-11-22 15:14:42,535 - INFO - Player O made a move at row 1, column 2.
2023-11-22 15:14:47,405 - INFO - Player X made a move at row 2, column 1.
2023-11-22 15:14:47,406 - INFO - Player O made a move at row 0, column 1.
2023-11-22 15:14:51,126 - INFO - Player X made a move at row 0, column 0.
2023-11-22 15:14:51,127 - INFO - Player O made a move at row 2, column 0.
2023-11-22 15:15:06,706 - INFO - Player X made a move at row 1, column 1.
2023-11-22 15:15:06,706 - INFO - Player O made a move at row 2, column 1.
2023-11-22 15:15:09,085 - INFO - Player X made a move at row 0, column 1.
2023-11-22 15:15:09,087 - INFO - Player O made a move at row 2, column 0.
2023-11-22 15:15:13,680 - INFO - Player X made a move at row 0, column 0.
2023-11-22 15:15:13,680 - INFO - Player O made a move at row 2, column 2.
2023-11-22 15:15:13,683 - INFO - Player O won the game!
2023-11-22 15:15:20,379 - INFO - Player X made a move at row 2, column 2.
2023-11-22 15:15:20,381 - INFO - Player O made a move at row 0, column 1.
2023-11-22 15:15:21,823 - INFO - Player X made a move at row 1, column 1.
2023-11-22 15:15:21,823 - INFO - Player O made a move at row 1, column 2.
2023-11-22 15:15:23,739 - INFO - Player X made a move at row 0, column 0.
2023-11-22 15:15:23,741 - INFO - Player X won the game!
2023-11-22 15:17:00,814 - INFO - Player X made a move at row 0, column 0.
2023-11-22 15:17:00,816 - INFO - Player O made a move at row 2, column 0.
2023-11-22 15:17:02,333 - INFO - Player X made a move at row 1, column 1.
2023-11-22 15:17:02,333 - INFO - Player O made a move at row 0, column 2.
2023-11-22 15:17:04,375 - INFO - Player X made a move at row 0, column 1.
2023-11-22 15:17:04,375 - INFO - Player O made a move at row 1, column 2.
2023-11-22 15:17:06,614 - INFO - Player X made a move at row 1, column 0.
2023-11-22 15:17:06,615 - INFO - Player O made a move at row 2, column 1.
2023-11-22 15:17:10,208 - INFO - Player X made a move at row 2, column 2.
2023-11-22 15:17:10,210 - INFO - Player X won the game!
2023-11-28 21:28:07,069 - INFO - Player X made a move at row 1, column 1.
2023-11-28 21:28:07,070 - INFO - Player O made a move at row 0, column 2.
2023-11-28 21:28:09,549 - INFO - Player X made a move at row 0, column 0.
2023-11-28 21:28:09,550 - INFO - Player O made a move at row 2, column 1.
2023-11-28 21:28:11,207 - INFO - Player X made a move at row 2, column 2.
2023-11-28 21:29:20,105 - INFO - Player X made a move at row 1, column 1.
2023-11-28 21:29:20,107 - INFO - Player O made a move at row 0, column 0.
2023-11-28 21:29:23,944 - INFO - Player X made a move at row 0, column 1.
2023-11-28 21:29:23,944 - INFO - Player O made a move at row 2, column 2.
2023-11-28 21:29:26,317 - INFO - Player X made a move at row 2, column 1.
2023-11-28 21:29:26,319 - INFO - Player X won the game!
2023-11-28 21:31:01,629 - INFO - Player X made a move at row 0, column 0.
2023-11-28 21:31:01,631 - INFO - Player O made a move at row 2, column 0.
2023-11-28 21:31:06,343 - INFO - Player X made a move at row 0, column 1.
2023-11-28 21:31:06,344 - INFO - Player O made a move at row 1, column 0.
2023-11-28 21:31:10,023 - INFO - Player X made a move at row 0, column 2.
2023-11-28 21:31:10,026 - INFO - Player X won the game!
2023-11-28 21:31:30,563 - INFO - Player X made a move at row 2, column 2.
2023-11-28 21:31:30,563 - INFO - Player O made a move at row 0, column 2.
2023-11-28 21:31:35,294 - INFO - Player X made a move at row 1, column 1.
2023-11-28 21:31:35,294 - INFO - Player O made a move at row 0, column 0.
2023-11-28 21:31:39,653 - INFO - Player X made a move at row 0, column 1.
2023-11-28 21:31:39,655 - INFO - Player O made a move at row 1, column 0.
2023-11-28 21:31:44,965 - INFO - Player X made a move at row 2, column 0.
2023-11-28 21:31:44,965 - INFO - Player O made a move at row 2, column 1.
2023-11-28 21:31:48,138 - INFO - Player X made a move at row 1, column 2.
2023-11-28 21:31:48,139 - INFO - The game ended in a draw.
2023-11-28 21:50:37,209 - INFO - Player X made a move at row 0, column 1.
2023-11-28 21:50:37,211 - INFO - Player O made a move at row 0, column 2.
2023-11-28 21:50:50,956 - INFO - Player X made a move at row 2, column 2.
2023-11-28 21:50:50,956 - INFO - Player O made a move at row 2, column 1.
2023-11-28 21:50:53,533 - INFO - Player X made a move at row 1, column 2.
2023-11-28 21:50:53,534 - INFO - Player O made a move at row 0, column 0.
2023-11-28 21:50:57,235 - INFO - Player X made a move at row 2, column 0.
2023-11-28 21:50:57,235 - INFO - Player O made a move at row 1, column 1.
2023-11-28 21:51:01,529 - INFO - Player X made a move at row 1, column 0.
2023-11-28 21:51:01,530 - INFO - Player O made a move at row 0, column 2.
2023-11-28 21:51:11,010 - INFO - Player X made a move at row 1, column 1.
2023-11-28 21:51:11,011 - INFO - Player O made a move at row 0, column 2.
2023-11-28 21:51:13,850 - INFO - Player X made a move at row 2, column 2.
2023-11-28 21:51:13,851 - INFO - Player O made a move at row 1, column 0.
2023-11-28 21:51:16,443 - INFO - Player X made a move at row 1, column 2.
2023-11-28 21:51:16,444 - INFO - Player O made a move at row 2, column 0.
2023-11-28 21:51:18,593 - INFO - Player X made a move at row 2, column 1.
2023-11-28 21:51:18,593 - INFO - Player O made a move at row 0, column 0.
2023-11-28 21:51:18,596 - INFO - Player O won the game!
2023-11-28 21:51:29,518 - INFO - Player X made a move at row 2, column 2.
2023-11-28 21:51:29,518 - INFO - Player O made a move at row 0, column 2.
2023-11-28 21:51:31,850 - INFO - Player X made a move at row 1, column 2.
2023-11-28 21:51:31,850 - INFO - Player O made a move at row 2, column 1.
2023-11-28 21:51:35,035 - INFO - Player X made a move at row 0, column 1.
2023-11-28 21:51:35,035 - INFO - Player O made a move at row 0, column 0.
2023-11-28 21:51:49,716 - INFO - Player X made a move at row 1, column 1.
2023-11-28 21:51:49,716 - INFO - Player O made a move at row 1, column 0.
2023-11-28 21:51:54,845 - INFO - Player X made a move at row 2, column 0.
2023-11-28 21:51:54,845 - INFO - The game ended in a draw.
2023-11-28 21:52:07,634 - INFO - Player X made a move at row 0, column 2.
2023-11-28 21:52:07,635 - INFO - Player O made a move at row 1, column 0.
2023-11-28 21:52:12,674 - INFO - Player X made a move at row 2, column 1.
2023-11-28 21:52:12,675 - INFO - Player O made a move at row 0, column 0.
2023-11-28 21:52:15,227 - INFO - Player X made a move at row 2, column 2.
2023-11-28 21:52:15,229 - INFO - Player O made a move at row 0, column 1.
2023-11-28 21:52:18,167 - INFO - Player X made a move at row 1, column 2.
2023-11-28 21:52:18,170 - INFO - Player X won the game!
2023-11-28 21:52:29,201 - INFO - Player X made a move at row 1, column 0.
2023-11-28 21:52:29,201 - INFO - Player O made a move at row 0, column 0.
2023-11-28 21:52:33,701 - INFO - Player X made a move at row 0, column 1.
2023-11-28 21:52:33,701 - INFO - Player O made a move at row 1, column 1.
2023-11-28 21:52:36,895 - INFO - Player X made a move at row 2, column 1.
2023-11-28 21:52:36,895 - INFO - Player O made a move at row 2, column 0.
2023-11-28 21:52:46,834 - INFO - Player X made a move at row 1, column 2.
2023-11-28 21:52:46,836 - INFO - Player O made a move at row 2, column 2.
2023-11-28 21:52:46,838 - INFO - Player O won the game!
2023-11-28 21:52:53,958 - INFO - Player X made a move at row 2, column 1.
2023-11-28 21:52:53,959 - INFO - Player O made a move at row 0, column 1.
2023-11-28 21:52:57,420 - INFO - Player X made a move at row 1, column 1.
2023-11-28 21:52:57,421 - INFO - Player O made a move at row 0, column 2.
2023-11-28 21:52:59,784 - INFO - Player X made a move at row 2, column 2.
2023-11-28 21:52:59,784 - INFO - Player O made a move at row 2, column 0.
2023-11-28 21:53:03,583 - INFO - Player X made a move at row 0, column 0.
2023-11-28 21:53:03,586 - INFO - Player X won the game!
2023-11-28 21:53:13,986 - INFO - Player X made a move at row 1, column 0.
2023-11-28 21:53:13,987 - INFO - Player O made a move at row 1, column 1.
2023-11-28 21:53:16,718 - INFO - Player X made a move at row 2, column 0.
2023-11-28 21:53:16,718 - INFO - Player O made a move at row 0, column 1.
2023-11-28 21:53:20,293 - INFO - Player X made a move at row 2, column 2.
2023-11-28 21:53:20,293 - INFO - Player O made a move at row 0, column 2.
2023-11-28 21:53:24,555 - INFO - Player X made a move at row 0, column 0.
2023-11-28 21:53:24,557 - INFO - Player X won the game!
2023-11-28 21:53:33,914 - INFO - Player X made a move at row 2, column 1.
2023-11-28 21:53:33,915 - INFO - Player O made a move at row 1, column 2.
2023-11-28 21:53:36,839 - INFO - Player X made a move at row 1, column 1.
2023-11-28 21:53:36,840 - INFO - Player O made a move at row 0, column 0.
2023-11-28 21:53:39,185 - INFO - Player X made a move at row 0, column 1.
2023-11-28 21:53:39,188 - INFO - Player X won the game!
2023-11-28 21:53:45,761 - INFO - Player X made a move at row 1, column 2.
2023-11-28 21:53:45,761 - INFO - Player O made a move at row 2, column 0.
2023-11-28 21:53:48,290 - INFO - Player X made a move at row 0, column 0.
2023-11-28 21:53:48,291 - INFO - Player O made a move at row 0, column 1.
2023-11-28 21:53:53,070 - INFO - Player X made a move at row 2, column 1.
2023-11-28 21:53:53,071 - INFO - Player O made a move at row 2, column 2.
2023-11-28 21:53:56,795 - INFO - Player X made a move at row 1, column 1.
2023-11-28 21:53:56,797 - INFO - Player O made a move at row 1, column 0.
2023-11-28 21:54:04,351 - INFO - Player X made a move at row 2, column 2.
2023-11-28 21:54:04,352 - INFO - Player O made a move at row 2, column 0.
2023-11-28 21:54:06,174 - INFO - Player X made a move at row 1, column 2.
2023-11-28 21:54:06,174 - INFO - Player O made a move at row 2, column 1.
2023-11-28 21:54:09,551 - INFO - Player X made a move at row 0, column 2.
2023-11-28 21:54:09,554 - INFO - Player X won the game!
2023-11-28 21:54:17,959 - INFO - Player X made a move at row 1, column 0.
2023-11-28 21:54:17,959 - INFO - Player O made a move at row 2, column 2.
2023-11-28 21:54:20,784 - INFO - Player X made a move at row 1, column 1.
2023-11-28 21:54:20,784 - INFO - Player O made a move at row 1, column 2.
2023-11-28 21:54:23,825 - INFO - Player X made a move at row 2, column 1.
2023-11-28 21:54:23,825 - INFO - Player O made a move at row 0, column 1.
2023-11-28 21:54:30,065 - INFO - Player X made a move at row 2, column 0.
2023-11-28 21:54:30,065 - INFO - Player O made a move at row 0, column 0.
2023-11-28 21:54:36,148 - INFO - Player X made a move at row 0, column 2.
2023-11-28 21:54:36,152 - INFO - Player X won the game!
2023-11-28 21:54:43,170 - INFO - Player X made a move at row 2, column 2.
2023-11-28 21:54:43,170 - INFO - Player O made a move at row 2, column 1.
2023-11-28 21:54:45,990 - INFO - Player X made a move at row 1, column 2.
2023-11-28 21:54:45,990 - INFO - Player O made a move at row 1, column 1.
2023-11-28 21:54:48,688 - INFO - Player X made a move at row 2, column 0.
2023-11-28 21:54:48,688 - INFO - Player O made a move at row 0, column 1.
2023-11-28 21:54:48,690 - INFO - Player O won the game!
2023-11-28 21:54:54,923 - INFO - Player X made a move at row 0, column 0.
2023-11-28 21:54:54,924 - INFO - Player O made a move at row 1, column 2.
2023-11-28 21:54:56,682 - INFO - Player X made a move at row 0, column 1.
2023-11-28 21:54:56,683 - INFO - Player O made a move at row 1, column 1.
2023-11-28 21:55:00,392 - INFO - Player X made a move at row 0, column 2.
2023-11-28 21:55:00,395 - INFO - Player X won the game!
2023-11-28 21:55:24,130 - INFO - Player X made a move at row 1, column 2.
2023-11-28 21:55:24,131 - INFO - Player O made a move at row 0, column 0.
2023-11-28 21:55:27,084 - INFO - Player X made a move at row 1, column 0.
2023-11-28 21:55:27,084 - INFO - Player O made a move at row 0, column 2.
2023-11-28 21:55:30,021 - INFO - Player X made a move at row 2, column 0.
2023-11-28 21:55:30,021 - INFO - Player O made a move at row 0, column 1.
2023-11-28 21:55:30,023 - INFO - Player O won the game!
2023-11-28 21:55:36,726 - INFO - Player X made a move at row 1, column 1.
2023-11-28 21:55:36,726 - INFO - Player O made a move at row 0, column 2.
2023-11-28 21:55:39,268 - INFO - Player X made a move at row 2, column 2.
2023-11-28 21:55:39,269 - INFO - Player O made a move at row 2, column 1.
2023-11-28 21:55:41,324 - INFO - Player X made a move at row 0, column 0.
2023-11-28 21:55:41,325 - INFO - Player X won the game!
2023-11-28 21:55:47,844 - INFO - Player X made a move at row 1, column 2.
2023-11-28 21:55:47,846 - INFO - Player O made a move at row 1, column 1.
2023-11-28 21:55:50,755 - INFO - Player X made a move at row 0, column 2.
2023-11-28 21:55:50,756 - INFO - Player O made a move at row 2, column 2.
2023-11-28 21:55:53,512 - INFO - Player X made a move at row 2, column 1.
2023-11-28 21:55:53,512 - INFO - Player O made a move at row 2, column 0.
2023-11-28 21:56:00,567 - INFO - Player X made a move at row 0, column 0.
2023-11-28 21:56:00,567 - INFO - Player O made a move at row 1, column 0.
2023-11-28 21:56:08,962 - INFO - Player X made a move at row 2, column 2.
2023-11-28 21:56:08,962 - INFO - Player O made a move at row 0, column 0.
2023-11-28 21:56:10,462 - INFO - Player X made a move at row 1, column 2.
2023-11-28 21:56:10,463 - INFO - Player O made a move at row 0, column 1.
2023-11-28 21:56:16,632 - INFO - Player X made a move at row 2, column 1.
2023-11-28 21:56:16,632 - INFO - Player O made a move at row 0, column 2.
2023-11-28 21:56:16,634 - INFO - Player O won the game!
2023-11-28 21:56:24,700 - INFO - Player X made a move at row 2, column 0.
2023-11-28 21:56:24,700 - INFO - Player O made a move at row 2, column 2.
2023-11-28 21:56:26,960 - INFO - Player X made a move at row 2, column 1.
2023-11-28 21:56:26,961 - INFO - Player O made a move at row 1, column 0.
2023-11-28 21:56:28,950 - INFO - Player X made a move at row 0, column 0.
2023-11-28 21:56:28,951 - INFO - Player O made a move at row 1, column 2.
2023-11-28 21:56:31,417 - INFO - Player X made a move at row 0, column 1.
2023-11-28 21:56:31,419 - INFO - Player O made a move at row 0, column 2.
2023-11-28 21:56:31,420 - INFO - Player O won the game!
2023-11-28 21:56:37,078 - INFO - Player X made a move at row 1, column 1.
2023-11-28 21:56:37,078 - INFO - Player O made a move at row 0, column 2.
2023-11-28 21:56:38,645 - INFO - Player X made a move at row 1, column 2.
2023-11-28 21:56:38,646 - INFO - Player O made a move at row 0, column 1.
2023-11-28 21:56:40,312 - INFO - Player X made a move at row 2, column 2.
2023-11-28 21:56:40,312 - INFO - Player O made a move at row 2, column 0.
2023-11-28 21:56:42,034 - INFO - Player X made a move at row 2, column 1.
2023-11-28 21:56:42,035 - INFO - Player O made a move at row 1, column 0.
2023-11-28 21:56:44,685 - INFO - Player X made a move at row 0, column 0.
2023-11-28 21:56:44,687 - INFO - Player X won the game!
2023-11-28 21:56:51,125 - INFO - Player X made a move at row 1, column 2.
2023-11-28 21:56:51,126 - INFO - Player O made a move at row 2, column 2.
2023-11-28 21:56:53,061 - INFO - Player X made a move at row 0, column 1.
2023-11-28 21:56:53,062 - INFO - Player O made a move at row 1, column 1.
2023-11-28 21:56:54,461 - INFO - Player X made a move at row 0, column 2.
2023-11-28 21:56:54,462 - INFO - Player O made a move at row 2, column 1.
2023-11-28 21:56:58,123 - INFO - Player X made a move at row 0, column 0.
2023-11-28 21:56:58,125 - INFO - Player X won the game!
2023-11-28 21:57:15,900 - INFO - Player X made a move at row 0, column 0.
2023-11-28 21:57:15,901 - INFO - Player O made a move at row 0, column 1.
2023-11-28 21:57:19,072 - INFO - Player X made a move at row 0, column 2.
2023-11-28 21:57:19,073 - INFO - Player O made a move at row 2, column 1.
2023-11-28 21:57:20,751 - INFO - Player X made a move at row 1, column 1.
2023-11-28 21:57:20,751 - INFO - Player O made a move at row 1, column 2.
2023-11-28 21:57:22,585 - INFO - Player X made a move at row 2, column 2.
2023-11-28 21:57:22,588 - INFO - Player X won the game!
2023-11-28 21:57:44,128 - INFO - Player X made a move at row 0, column 2.
2023-11-28 21:57:44,128 - INFO - Player O made a move at row 1, column 1.
2023-11-28 21:57:47,152 - INFO - Player X made a move at row 0, column 1.
2023-11-28 21:57:47,152 - INFO - Player O made a move at row 0, column 0.
2023-11-28 21:57:49,452 - INFO - Player X made a move at row 1, column 2.
2023-11-28 21:57:49,453 - INFO - Player O made a move at row 2, column 0.
2023-11-28 21:57:52,578 - INFO - Player X made a move at row 2, column 1.
2023-11-28 21:57:52,579 - INFO - Player O made a move at row 2, column 2.
2023-11-28 21:57:52,581 - INFO - Player O won the game!
2023-11-28 21:58:04,212 - INFO - Player X made a move at row 1, column 0.
2023-11-28 21:58:04,212 - INFO - Player O made a move at row 2, column 2.
2023-11-28 21:58:05,867 - INFO - Player X made a move at row 1, column 1.
2023-11-28 21:58:05,867 - INFO - Player O made a move at row 0, column 1.
2023-11-28 21:58:08,793 - INFO - Player X made a move at row 1, column 2.
2023-11-28 21:58:08,796 - INFO - Player X won the game!
2023-11-28 21:58:15,635 - INFO - Player X made a move at row 1, column 1.
2023-11-28 21:58:15,636 - INFO - Player O made a move at row 0, column 0.
2023-11-28 21:58:17,785 - INFO - Player X made a move at row 2, column 2.
2023-11-28 21:58:17,786 - INFO - Player O made a move at row 0, column 1.
2023-11-28 21:58:19,633 - INFO - Player X made a move at row 2, column 1.
2023-11-28 21:58:19,633 - INFO - Player O made a move at row 0, column 2.
2023-11-28 21:58:19,635 - INFO - Player O won the game!
2023-11-28 21:58:27,607 - INFO - Player X made a move at row 1, column 2.
2023-11-28 21:58:27,608 - INFO - Player O made a move at row 1, column 1.
2023-11-28 21:58:33,082 - INFO - Player X made a move at row 2, column 2.
2023-11-28 21:58:33,083 - INFO - Player O made a move at row 2, column 1.
2023-11-28 21:58:39,342 - INFO - Player X made a move at row 0, column 2.
2023-11-28 21:58:39,346 - INFO - Player X won the game!
2023-11-28 21:58:45,545 - INFO - Player X made a move at row 2, column 0.
2023-11-28 21:58:45,546 - INFO - Player O made a move at row 2, column 1.
2023-11-28 21:58:49,619 - INFO - Player X made a move at row 2, column 2.
2023-11-28 21:58:49,620 - INFO - Player O made a move at row 1, column 0.
2023-11-28 21:58:52,405 - INFO - Player X made a move at row 1, column 2.
2023-11-28 21:58:52,406 - INFO - Player O made a move at row 0, column 0.
2023-11-28 21:58:55,068 - INFO - Player X made a move at row 0, column 2.
2023-11-28 21:58:55,070 - INFO - Player X won the game!
2023-11-28 21:59:00,551 - INFO - Player X made a move at row 2, column 1.
2023-11-28 21:59:00,552 - INFO - Player O made a move at row 1, column 1.
2023-11-28 21:59:02,300 - INFO - Player X made a move at row 2, column 2.
2023-11-28 21:59:02,300 - INFO - Player O made a move at row 0, column 1.
2023-11-28 21:59:05,301 - INFO - Player X made a move at row 2, column 0.
2023-11-28 21:59:05,303 - INFO - Player X won the game!
2023-11-28 21:59:11,885 - INFO - Player X made a move at row 1, column 1.
2023-11-28 21:59:11,886 - INFO - Player O made a move at row 0, column 2.
2023-11-28 21:59:14,378 - INFO - Player X made a move at row 2, column 2.
2023-11-28 21:59:14,378 - INFO - Player O made a move at row 1, column 0.
2023-11-28 21:59:17,940 - INFO - Player X made a move at row 2, column 1.
2023-11-28 21:59:17,941 - INFO - Player O made a move at row 1, column 2.
2023-11-28 21:59:21,252 - INFO - Player X made a move at row 0, column 1.
2023-11-28 21:59:21,255 - INFO - Player X won the game!
2023-11-28 21:59:26,556 - INFO - Player X made a move at row 2, column 2.
2023-11-28 21:59:26,557 - INFO - Player O made a move at row 0, column 2.
2023-11-28 21:59:28,828 - INFO - Player X made a move at row 2, column 1.
2023-11-28 21:59:28,829 - INFO - Player O made a move at row 1, column 1.
2023-11-28 21:59:32,450 - INFO - Player X made a move at row 1, column 2.
2023-11-28 21:59:32,451 - INFO - Player O made a move at row 2, column 0.
2023-11-28 21:59:32,453 - INFO - Player O won the game!
2023-11-28 21:59:43,073 - INFO - Player X made a move at row 1, column 1.
2023-11-28 21:59:43,074 - INFO - Player O made a move at row 2, column 2.
2023-11-28 21:59:59,267 - INFO - Player X made a move at row 1, column 1.
2023-11-28 21:59:59,267 - INFO - Player O made a move at row 2, column 2.
2023-11-28 22:00:05,911 - INFO - Player X made a move at row 0, column 1.
2023-11-28 22:00:05,911 - INFO - Player O made a move at row 2, column 0.
2023-11-28 22:00:09,853 - INFO - Player X made a move at row 1, column 0.
2023-11-28 22:00:09,854 - INFO - Player O made a move at row 0, column 2.
2023-11-28 22:00:15,520 - INFO - Player X made a move at row 1, column 2.
2023-11-28 22:00:15,523 - INFO - Player X won the game!
2023-11-28 22:00:21,745 - INFO - Player X made a move at row 2, column 2.
2023-11-28 22:00:21,745 - INFO - Player O made a move at row 0, column 2.
2023-11-28 22:00:23,584 - INFO - Player X made a move at row 2, column 1.
2023-11-28 22:00:23,585 - INFO - Player O made a move at row 1, column 0.
2023-11-28 22:00:25,634 - INFO - Player X made a move at row 2, column 0.
2023-11-28 22:00:25,636 - INFO - Player X won the game!
2023-11-28 22:00:32,378 - INFO - Player X made a move at row 1, column 2.
2023-11-28 22:00:32,379 - INFO - Player O made a move at row 1, column 0.
2023-11-28 22:00:35,168 - INFO - Player X made a move at row 1, column 1.
2023-11-28 22:00:35,168 - INFO - Player O made a move at row 2, column 2.
2023-11-28 22:01:06,994 - INFO - Player X made a move at row 0, column 2.
2023-11-28 22:01:06,995 - INFO - Player O made a move at row 0, column 1.
2023-11-28 22:01:11,233 - INFO - Player X made a move at row 2, column 0.
2023-11-28 22:01:11,237 - INFO - Player X won the game!
